\BOOKMARK [0][-]{chapter.1}{Introducci\363n}{}% 1
\BOOKMARK [1][-]{section.1.1}{Conceptos b\341sicos}{chapter.1}% 2
\BOOKMARK [1][-]{section.1.2}{TCP y UDP}{chapter.1}% 3
\BOOKMARK [0][-]{chapter.2}{Estado del arte}{}% 4
\BOOKMARK [1][-]{section.2.1}{Capas de Red}{chapter.2}% 5
\BOOKMARK [2][-]{subsection.2.1.1}{Capa de aplicaci\363n}{section.2.1}% 6
\BOOKMARK [2][-]{subsection.2.1.2}{Capa de transporte}{section.2.1}% 7
\BOOKMARK [2][-]{subsection.2.1.3}{Capa de enlace}{section.2.1}% 8
\BOOKMARK [1][-]{section.2.2}{DPI}{chapter.2}% 9
\BOOKMARK [1][-]{section.2.3}{NMS y BRO}{chapter.2}% 10
\BOOKMARK [2][-]{subsection.2.3.1}{Requisitos de Bro}{section.2.3}% 11
\BOOKMARK [2][-]{subsection.2.3.2}{Gesti\363n de tr\341fico en Bro}{section.2.3}% 12
\BOOKMARK [2][-]{subsection.2.3.3}{Identificaci\363n de flujos en Bro \(Tipo de flujo/Protocolo\)}{section.2.3}% 13
\BOOKMARK [2][-]{subsection.2.3.4}{Ejemplo de uso de eventos}{section.2.3}% 14
\BOOKMARK [0][-]{chapter.3}{Objetivos}{}% 15
\BOOKMARK [0][-]{chapter.4}{Implementaci\363n}{}% 16
\BOOKMARK [0][-]{chapter.5}{Conclusiones y trabajo futuro}{}% 17
\BOOKMARK [1][-]{section.5.1}{Conclusiones}{chapter.5}% 18
\BOOKMARK [1][-]{section.5.2}{Trabajo futuro}{chapter.5}% 19
\BOOKMARK [0][-]{section.5.2}{Bibliograf\355a}{}% 20
